2024-07-22T21:50:25.162+01:00  INFO 2724 --- [isac] [main] backend.isac.IsacApplication             : Starting IsacApplication using Java 21.0.3 with PID 2724 (D:\Projects\ISAC\2.Code\isac-backend\target\classes started by Rafael in D:\Projects\ISAC\2.Code\isac-backend)
2024-07-22T21:50:25.173+01:00  INFO 2724 --- [isac] [main] backend.isac.IsacApplication             : No active profile set, falling back to 1 default profile: "default"
2024-07-22T21:50:26.558+01:00  INFO 2724 --- [isac] [main] .s.d.r.c.RepositoryConfigurationDelegate : Bootstrapping Spring Data JPA repositories in DEFAULT mode.
2024-07-22T21:50:26.718+01:00  INFO 2724 --- [isac] [main] .s.d.r.c.RepositoryConfigurationDelegate : Finished Spring Data repository scanning in 148 ms. Found 13 JPA repository interfaces.
2024-07-22T21:50:27.372+01:00  INFO 2724 --- [isac] [main] o.s.b.w.embedded.tomcat.TomcatWebServer  : Tomcat initialized with port 8080 (http)
2024-07-22T21:50:27.387+01:00  INFO 2724 --- [isac] [main] o.apache.catalina.core.StandardService   : Starting service [Tomcat]
2024-07-22T21:50:27.387+01:00  INFO 2724 --- [isac] [main] o.apache.catalina.core.StandardEngine    : Starting Servlet engine: [Apache Tomcat/10.1.25]
2024-07-22T21:50:27.462+01:00  INFO 2724 --- [isac] [main] o.a.c.c.C.[Tomcat].[localhost].[/]       : Initializing Spring embedded WebApplicationContext
2024-07-22T21:50:27.462+01:00  INFO 2724 --- [isac] [main] w.s.c.ServletWebServerApplicationContext : Root WebApplicationContext: initialization completed in 2204 ms
2024-07-22T21:50:27.657+01:00  INFO 2724 --- [isac] [main] o.hibernate.jpa.internal.util.LogHelper  : HHH000204: Processing PersistenceUnitInfo [name: default]
2024-07-22T21:50:27.741+01:00  INFO 2724 --- [isac] [main] org.hibernate.Version                    : HHH000412: Hibernate ORM core version 6.5.2.Final
2024-07-22T21:50:27.805+01:00  INFO 2724 --- [isac] [main] o.h.c.internal.RegionFactoryInitiator    : HHH000026: Second-level cache disabled
2024-07-22T21:50:28.186+01:00  INFO 2724 --- [isac] [main] o.s.o.j.p.SpringPersistenceUnitInfo      : No LoadTimeWeaver setup: ignoring JPA class transformer
2024-07-22T21:50:28.217+01:00  INFO 2724 --- [isac] [main] com.zaxxer.hikari.HikariDataSource       : HikariPool-1 - Starting...
2024-07-22T21:50:28.729+01:00  INFO 2724 --- [isac] [main] com.zaxxer.hikari.pool.HikariPool        : HikariPool-1 - Added connection com.mysql.cj.jdbc.ConnectionImpl@30e2016a
2024-07-22T21:50:28.731+01:00  INFO 2724 --- [isac] [main] com.zaxxer.hikari.HikariDataSource       : HikariPool-1 - Start completed.
2024-07-22T21:50:28.798+01:00  WARN 2724 --- [isac] [main] org.hibernate.orm.deprecation            : HHH90000025: MySQL8Dialect does not need to be specified explicitly using 'hibernate.dialect' (remove the property setting and it will be selected by default)
2024-07-22T21:50:28.799+01:00  WARN 2724 --- [isac] [main] org.hibernate.orm.deprecation            : HHH90000026: MySQL8Dialect has been deprecated; use org.hibernate.dialect.MySQLDialect instead
2024-07-22T21:50:30.474+01:00  INFO 2724 --- [isac] [main] o.h.e.t.j.p.i.JtaPlatformInitiator       : HHH000489: No JTA platform available (set 'hibernate.transaction.jta.platform' to enable JTA platform integration)
2024-07-22T21:50:30.858+01:00  INFO 2724 --- [isac] [main] j.LocalContainerEntityManagerFactoryBean : Initialized JPA EntityManagerFactory for persistence unit 'default'
2024-07-22T21:50:31.151+01:00  INFO 2724 --- [isac] [main] o.s.d.j.r.query.QueryEnhancerFactory     : Hibernate is in classpath; If applicable, HQL parser will be used.
2024-07-22T21:50:31.785+01:00  INFO 2724 --- [isac] [main] eAuthenticationProviderManagerConfigurer : Global AuthenticationManager configured with AuthenticationProvider bean with name authenticationProvider
2024-07-22T21:50:31.786+01:00  WARN 2724 --- [isac] [main] r$InitializeUserDetailsManagerConfigurer : Global AuthenticationManager configured with an AuthenticationProvider bean. UserDetailsService beans will not be used for username/password login. Consider removing the AuthenticationProvider bean. Alternatively, consider using the UserDetailsService in a manually instantiated DaoAuthenticationProvider.
2024-07-22T21:50:32.189+01:00  WARN 2724 --- [isac] [main] JpaBaseConfiguration$JpaWebConfiguration : spring.jpa.open-in-view is enabled by default. Therefore, database queries may be performed during view rendering. Explicitly configure spring.jpa.open-in-view to disable this warning
2024-07-22T21:50:32.845+01:00  INFO 2724 --- [isac] [main] o.s.b.w.embedded.tomcat.TomcatWebServer  : Tomcat started on port 8080 (http) with context path '/'
2024-07-22T21:50:32.853+01:00  INFO 2724 --- [isac] [main] backend.isac.IsacApplication             : Started IsacApplication in 8.515 seconds (process running for 9.804)
2024-07-22T21:50:47.246+01:00  INFO 2724 --- [isac] [SpringApplicationShutdownHook] j.LocalContainerEntityManagerFactoryBean : Closing JPA EntityManagerFactory for persistence unit 'default'
2024-07-22T21:50:47.249+01:00  INFO 2724 --- [isac] [SpringApplicationShutdownHook] com.zaxxer.hikari.HikariDataSource       : HikariPool-1 - Shutdown initiated...
2024-07-22T21:50:47.261+01:00  INFO 2724 --- [isac] [SpringApplicationShutdownHook] com.zaxxer.hikari.HikariDataSource       : HikariPool-1 - Shutdown completed.
